2019-02-12 16:28:39 下午 [Thread: main][ Class:com.blog.util.DBUtil >> Method: com.blog.util.DBUtil.getConnection(DBUtil.java:25) ]
INFO:获取数据库连接成功...
2019-02-12 16:28:39 下午 [Thread: main][ Class:com.blog.util.DBUtil >> Method: com.blog.util.DBUtil.executeUpdate(DBUtil.java:112) ]
ERROR:SQL执行UPDATE失败,SQL语句为<INSERT INTO article(id, content, create_at, comment_count, like_count) VALUES(?, ?, ?, ?, ?)>...
2019-02-12 16:28:39 下午 [Thread: main][ Class:com.blog.util.DBUtil >> Method: com.blog.util.DBUtil.closeSource(DBUtil.java:43) ]
INFO:关闭数据库资源成功...
2019-02-12 16:30:51 下午 [Thread: main][ Class:com.blog.util.DBUtil >> Method: com.blog.util.DBUtil.getConnection(DBUtil.java:25) ]
INFO:获取数据库连接成功...
2019-02-12 16:30:51 下午 [Thread: main][ Class:com.blog.util.DBUtil >> Method: com.blog.util.DBUtil.closeSource(DBUtil.java:43) ]
INFO:关闭数据库资源成功...
2019-02-12 17:52:34 下午 [Thread: main][ Class:com.blog.util.DBUtil >> Method: com.blog.util.DBUtil.getConnection(DBUtil.java:25) ]
INFO:获取数据库连接成功...
2019-02-12 17:52:34 下午 [Thread: main][ Class:com.blog.util.DBUtil >> Method: com.blog.util.DBUtil.executeUpdate(DBUtil.java:112) ]
ERROR:SQL执行UPDATE失败,SQL语句为<INSERT INTO article(id, content, create_at, comment_count, like_count, type_id) VALUES (?, ?, ?, ?, ?, ?)>...
2019-02-12 17:52:34 下午 [Thread: main][ Class:com.blog.util.DBUtil >> Method: com.blog.util.DBUtil.closeSource(DBUtil.java:43) ]
INFO:关闭数据库资源成功...
2019-02-12 17:53:06 下午 [Thread: main][ Class:com.blog.util.DBUtil >> Method: com.blog.util.DBUtil.getConnection(DBUtil.java:25) ]
INFO:获取数据库连接成功...
2019-02-12 17:53:06 下午 [Thread: main][ Class:com.blog.util.DBUtil >> Method: com.blog.util.DBUtil.executeUpdate(DBUtil.java:112) ]
ERROR:SQL执行UPDATE失败,SQL语句为<INSERT INTO article(id, content, create_at, comment_count, like_count, type_id) VALUES (?, ?, ?, ?, ?, ?)>...
2019-02-12 17:53:06 下午 [Thread: main][ Class:com.blog.util.DBUtil >> Method: com.blog.util.DBUtil.closeSource(DBUtil.java:43) ]
INFO:关闭数据库资源成功...
2019-02-12 17:54:22 下午 [Thread: main][ Class:com.blog.util.DBUtil >> Method: com.blog.util.DBUtil.getConnection(DBUtil.java:25) ]
INFO:获取数据库连接成功...
2019-02-12 17:54:22 下午 [Thread: main][ Class:com.blog.dao.impl.ArticleDaoImpl >> Method: com.blog.dao.impl.ArticleDaoImpl.addArticle(ArticleDaoImpl.java:95) ]
INFO:该id已存在
2019-02-12 17:54:33 下午 [Thread: main][ Class:com.blog.util.DBUtil >> Method: com.blog.util.DBUtil.getConnection(DBUtil.java:25) ]
INFO:获取数据库连接成功...
2019-02-12 17:54:34 下午 [Thread: main][ Class:com.blog.util.DBUtil >> Method: com.blog.util.DBUtil.getConnection(DBUtil.java:25) ]
INFO:获取数据库连接成功...
2019-02-12 17:54:34 下午 [Thread: main][ Class:com.blog.util.DBUtil >> Method: com.blog.util.DBUtil.closeSource(DBUtil.java:43) ]
INFO:关闭数据库资源成功...
2019-02-12 17:55:28 下午 [Thread: main][ Class:com.blog.util.DBUtil >> Method: com.blog.util.DBUtil.getConnection(DBUtil.java:25) ]
INFO:获取数据库连接成功...
2019-02-12 17:55:57 下午 [Thread: main][ Class:com.blog.util.DBUtil >> Method: com.blog.util.DBUtil.getConnection(DBUtil.java:25) ]
INFO:获取数据库连接成功...
2019-02-12 17:56:11 下午 [Thread: main][ Class:com.blog.util.DBUtil >> Method: com.blog.util.DBUtil.getConnection(DBUtil.java:25) ]
INFO:获取数据库连接成功...
2019-02-12 17:57:18 下午 [Thread: main][ Class:com.blog.util.DBUtil >> Method: com.blog.util.DBUtil.getConnection(DBUtil.java:25) ]
INFO:获取数据库连接成功...
